<?xml version="1.0" encoding="UTF-8"?>
<testng-results total="1" passed="1" failed="0" skipped="0">
  <reporter-output>
  </reporter-output>
  <suite started-at="2018-05-17T07:11:25Z" name="Default suite" finished-at="2018-05-17T07:11:25Z" duration-ms="31">
    <groups>
    </groups>
    <test started-at="2018-05-17T07:11:25Z" name="Default test" finished-at="2018-05-17T07:11:25Z" duration-ms="31">
      <class name="com.Report.ExtentInfo">
        <test-method is-config="true" signature="config()[pri:0, instance:com.Report.ExtentInfo@37883b97]" started-at="2018-05-17T12:41:25Z" name="config" finished-at="2018-05-17T12:41:25Z" duration-ms="275" status="PASS">
          <reporter-output>
          </reporter-output>
        </test-method> <!-- config -->
        <test-method signature="createOrderTest()[pri:0, instance:com.Report.ExtentInfo@37883b97]" started-at="2018-05-17T12:41:25Z" name="createOrderTest" finished-at="2018-05-17T12:41:25Z" duration-ms="15" status="PASS">
          <reporter-output>
          </reporter-output>
        </test-method> <!-- createOrderTest -->
        <test-method is-config="true" signature="configAS()[pri:0, instance:com.Report.ExtentInfo@37883b97]" started-at="2018-05-17T12:41:25Z" name="configAS" finished-at="2018-05-17T12:41:26Z" duration-ms="381" status="PASS">
          <reporter-output>
          </reporter-output>
        </test-method> <!-- configAS -->
      </class> <!-- com.Report.ExtentInfo -->
    </test> <!-- Default test -->
  </suite> <!-- Default suite -->
</testng-results>
