<?xml version="1.0" encoding="UTF-8"?>
<!-- Generated by org.testng.reporters.JUnitXMLReporter -->
<testsuite hostname="DESKTOP-C8HK0GU" failures="0" tests="3" name="Test" time="74.629" errors="0" timestamp="17 May 2018 07:43:08 GMT">
  <testcase classname="com.A2.testcases.BankTest" name="Banking" time="15.287"/>
  <testcase classname="com.A2.testcases.BankTest" name="addCustomerDetails" time="25.973"/>
  <testcase classname="com.A2.testcases.BankTest" name="openAccount" time="16.055"/>
</testsuite> <!-- Test -->
